<?xml version="1.0" encoding="UTF-8"?>
<testsuite xmlns:xsi="http://www.w3.org/2001/XMLSchema-instance" xsi:noNamespaceSchemaLocation="https://maven.apache.org/surefire/maven-surefire-plugin/xsd/surefire-test-report.xsd" name="runner.RunCukeTest" time="0.832" tests="4" errors="0" skipped="0" failures="0">
  <properties>
[...]
</properties>
  <testcase name="Sunday isn&apos;t Friday" classname="Is it Friday yet?" time="0.132"/>
  <testcase name="Finding some cheese" classname="Is it Friday yet?" time="0.037"/>
  <testcase name="Successful Login with Valid Credentials #1" classname="Is it Friday yet?" time="0.033"/>
  <testcase name="Successful Login with Valid Credentials #2" classname="Is it Friday yet?" time="0.033"/>
</testsuite>